{"logTime": "0412/210631", "correlationVector":"KKmOR39tSd92SSf3vmBaLy.0","action":"FeedSettingFetch_homeCloud", "result":"0", "context":{}}
{"logTime": "0412/210631", "correlationVector":"KKmOR39tSd92SSf3vmBaLy.0","action":"SyncServerConnectionManagerRequest", "result":"SYNC_SERVER_OK", "context":{"environment":"", "migrationStage":"", "server":""}}
{"logTime": "0412/210631", "correlationVector":"Buw/ITfA2TcY78TgsS+t6a.1","action":"SyncServerConnectionManagerRequest", "result":"SYNC_SERVER_OK", "context":{"environment":"Prod_WestEurope_x00e", "migrationStage":"NotStarted", "server":"GENERAL0100001J"}}
{"logTime": "0412/210631", "correlationVector":"Buw/ITfA2TcY78TgsS+t6a","action":"Initial GetUpdates", "result":"", "context":Reason: NEW_CLIENT. cV=Buw/ITfA2TcY78TgsS+t6a}
{"logTime": "0412/210631", "correlationVector":"Buw/ITfA2TcY78TgsS+t6a.2","action":"GetUpdates Response", "result":"SYNCER_OK", "context":Received 1 update(s). cV=Buw/ITfA2TcY78TgsS+t6a.0;server=GENERAL0100001J;cloudType=Consumer;environment=Prod_WestEurope_x00e;migrationStage=NotStarted}
{"logTime": "0412/210632", "correlationVector":"Hu69Kh0csvIsy1Eadl11z/","action":"Initial GetUpdates", "result":"", "context":Reason: NEW_CLIENT. cV=Hu69Kh0csvIsy1Eadl11z/}
{"logTime": "0412/210632", "correlationVector":"Hu69Kh0csvIsy1Eadl11z/.1","action":"SyncServerConnectionManagerRequest", "result":"SYNC_SERVER_OK", "context":{"environment":"Prod_WestEurope_x00e", "migrationStage":"NotStarted", "server":"GENERAL0100001J"}}
{"logTime": "0412/210632", "correlationVector":"Hu69Kh0csvIsy1Eadl11z/.2","action":"GetUpdates Response", "result":"SYNCER_OK", "context":Received 30 update(s). cV=Hu69Kh0csvIsy1Eadl11z/.0;server=GENERAL0100001J;cloudType=Consumer;environment=Prod_WestEurope_x00e;migrationStage=NotStarted}
{"logTime": "0412/210632", "correlationVector":"soF6MqALtqUfCTKn55dYmA","action":"Normal GetUpdate request", "result":"", "context":cV=soF6MqALtqUfCTKn55dYmA
Nudged types: Device Info, User Consents
Refresh requested types: Device Info, User Consents, Send Tab To Self, Encryption Keys}
{"logTime": "0412/210632", "correlationVector":"soF6MqALtqUfCTKn55dYmA.1","action":"SyncServerConnectionManagerRequest", "result":"SYNC_SERVER_OK", "context":{"environment":"Prod_WestEurope_x00e", "migrationStage":"NotStarted", "server":"GENERAL01000004"}}
{"logTime": "0412/210632", "correlationVector":"soF6MqALtqUfCTKn55dYmA.2","action":"GetUpdates Response", "result":"SYNCER_OK", "context":Received 0 update(s). cV=soF6MqALtqUfCTKn55dYmA.0;server=GENERAL01000004;cloudType=Consumer;environment=Prod_WestEurope_x00e;migrationStage=NotStarted}
{"logTime": "0412/210632", "correlationVector":"fGp1zrd/EwrxZNoUKM5bf2","action":"Commit Request", "result":"", "context":Item count: 1
Contributing types: Device Info}
{"logTime": "0412/210632", "correlationVector":"fGp1zrd/EwrxZNoUKM5bf2.1","action":"SyncServerConnectionManagerRequest", "result":"SYNC_SERVER_OK", "context":{"environment":"Prod_WestEurope_x00e", "migrationStage":"NotStarted", "server":"GENERAL0100002I"}}
{"logTime": "0412/210632", "correlationVector":"fGp1zrd/EwrxZNoUKM5bf2.2","action":"Commit Response", "result":"SYNCER_OK", "context":Result: SYNCER_OK. cV=fGp1zrd/EwrxZNoUKM5bf2.0;server=GENERAL0100002I;cloudType=Consumer;environment=Prod_WestEurope_x00e;migrationStage=NotStarted}
{"logTime": "0412/210632", "correlationVector":"Z3U2aSTDaHi6KmlKrTWxcZ","action":"Commit Request", "result":"", "context":Item count: 2
Contributing types: User Consents}
{"logTime": "0412/210633", "correlationVector":"Z3U2aSTDaHi6KmlKrTWxcZ.1","action":"SyncServerConnectionManagerRequest", "result":"SYNC_SERVER_OK", "context":{"environment":"Prod_WestEurope_x00e", "migrationStage":"NotStarted", "server":"GENERAL0100000D"}}
{"logTime": "0412/210633", "correlationVector":"Z3U2aSTDaHi6KmlKrTWxcZ.2","action":"Commit Response", "result":"SYNCER_OK", "context":Result: SYNCER_OK. cV=Z3U2aSTDaHi6KmlKrTWxcZ.0;server=GENERAL0100000D;cloudType=Consumer;environment=Prod_WestEurope_x00e;migrationStage=NotStarted}
{"logTime": "0412/222157", "correlationVector":"c2Cgt1jLhR6HnG3aD2gvwA.0","action":"FeedSettingFetch_homeCloud", "result":"0", "context":{}}
{"logTime": "0412/222157", "correlationVector":"rHvewGlE3i6jbqdqF3t5VK.1","action":"SyncServerConnectionManagerRequest", "result":"SYNC_SERVER_OK", "context":{"environment":"Prod_WestEurope_000l", "migrationStage":"NotStarted", "server":"GENERAL01000024"}}
{"logTime": "0412/222157", "correlationVector":"rHvewGlE3i6jbqdqF3t5VK","action":"Initial GetUpdates", "result":"", "context":Reason: NEW_CLIENT. cV=rHvewGlE3i6jbqdqF3t5VK}
{"logTime": "0412/222157", "correlationVector":"rHvewGlE3i6jbqdqF3t5VK.2","action":"GetUpdates Response", "result":"SYNCER_OK", "context":Received 1 update(s). cV=rHvewGlE3i6jbqdqF3t5VK.0;server=GENERAL01000024;cloudType=Consumer;environment=Prod_WestEurope_000l;migrationStage=NotStarted}
{"logTime": "0412/222157", "correlationVector":"KY1uGFodZffUzoCuPEk1m0","action":"Normal GetUpdate request", "result":"", "context":cV=KY1uGFodZffUzoCuPEk1m0
Nudged types: User Consents
Refresh requested types: Device Info, User Consents, Send Tab To Self, Encryption Keys}
{"logTime": "0412/222157", "correlationVector":"KY1uGFodZffUzoCuPEk1m0.1","action":"SyncServerConnectionManagerRequest", "result":"SYNC_SERVER_OK", "context":{"environment":"Prod_WestEurope_000l", "migrationStage":"NotStarted", "server":"GENERAL0100000I"}}
{"logTime": "0412/222157", "correlationVector":"KY1uGFodZffUzoCuPEk1m0.2","action":"GetUpdates Response", "result":"SYNCER_OK", "context":Received 2 update(s). cV=KY1uGFodZffUzoCuPEk1m0.0;server=GENERAL0100000I;cloudType=Consumer;environment=Prod_WestEurope_000l;migrationStage=NotStarted}
{"logTime": "0412/222157", "correlationVector":"4X5l7cZJAuQ1HolSEHEZcb","action":"Commit Request", "result":"", "context":Item count: 1
Contributing types: User Consents}
{"logTime": "0412/222157", "correlationVector":"4X5l7cZJAuQ1HolSEHEZcb.1","action":"SyncServerConnectionManagerRequest", "result":"SYNC_SERVER_OK", "context":{"environment":"Prod_WestEurope_000l", "migrationStage":"NotStarted", "server":"GENERAL0100000M"}}
{"logTime": "0412/222157", "correlationVector":"4X5l7cZJAuQ1HolSEHEZcb.2","action":"Commit Response", "result":"SYNCER_OK", "context":Result: SYNCER_OK. cV=4X5l7cZJAuQ1HolSEHEZcb.0;server=GENERAL0100000M;cloudType=Consumer;environment=Prod_WestEurope_000l;migrationStage=NotStarted}
{"logTime": "0412/222157", "correlationVector":"uk4wriHbj7xgCBWaItWQGe","action":"SyncServerConnectionManagerRequest", "result":"SYNC_SERVER_OK", "context":{"environment":"", "migrationStage":"", "server":""}}
{"logTime": "0412/222157", "correlationVector":"i9au74J9fLUMLIH4u7U+tP","action":"Initial GetUpdates", "result":"", "context":Reason: RECONFIGURATION. cV=i9au74J9fLUMLIH4u7U+tP}
{"logTime": "0412/222158", "correlationVector":"i9au74J9fLUMLIH4u7U+tP.1","action":"SyncServerConnectionManagerRequest", "result":"SYNC_SERVER_OK", "context":{"environment":"Prod_WestEurope_000l", "migrationStage":"NotStarted", "server":"GENERAL01000018"}}
{"logTime": "0412/222158", "correlationVector":"i9au74J9fLUMLIH4u7U+tP.2","action":"GetUpdates Response", "result":"SYNCER_OK", "context":Received 45 update(s). cV=i9au74J9fLUMLIH4u7U+tP.0;server=GENERAL01000018;cloudType=Consumer;environment=Prod_WestEurope_000l;migrationStage=NotStarted}
{"logTime": "0412/222158", "correlationVector":"l6d6QLciXtpwRHYmIFswCj","action":"Initial GetUpdates", "result":"", "context":Reason: NEWLY_SUPPORTED_DATATYPE. cV=l6d6QLciXtpwRHYmIFswCj}
{"logTime": "0412/222158", "correlationVector":"l6d6QLciXtpwRHYmIFswCj.1","action":"SyncServerConnectionManagerRequest", "result":"SYNC_SERVER_OK", "context":{"environment":"Prod_WestEurope_000l", "migrationStage":"NotStarted", "server":"GENERAL0100000X"}}
{"logTime": "0412/222158", "correlationVector":"l6d6QLciXtpwRHYmIFswCj.2","action":"GetUpdates Response", "result":"SYNCER_OK", "context":Received 5 update(s). cV=l6d6QLciXtpwRHYmIFswCj.0;server=GENERAL0100000X;cloudType=Consumer;environment=Prod_WestEurope_000l;migrationStage=NotStarted}
{"logTime": "0412/222158", "correlationVector":"XP/p3L8ZtR2Z73+UbNlILp","action":"Initial GetUpdates", "result":"", "context":Reason: NEWLY_SUPPORTED_DATATYPE. cV=XP/p3L8ZtR2Z73+UbNlILp}
{"logTime": "0412/222158", "correlationVector":"XP/p3L8ZtR2Z73+UbNlILp.1","action":"SyncServerConnectionManagerRequest", "result":"SYNC_SERVER_OK", "context":{"environment":"Prod_WestEurope_000l", "migrationStage":"NotStarted", "server":"GENERAL0100000C"}}
{"logTime": "0412/222158", "correlationVector":"XP/p3L8ZtR2Z73+UbNlILp.2","action":"GetUpdates", "result":"DeleteReceived", "context":{"id":"b4e23c0f-2302-4014-9517-75b830415d8c", "isDeleted:":"true", "version":"1673617992031"}}
{"logTime": "0412/222158", "correlationVector":"XP/p3L8ZtR2Z73+UbNlILp.3","action":"GetUpdates", "result":"DeleteReceived", "context":{"id":"cd2fa483-8966-4fb5-9b6e-c343465aeede", "isDeleted:":"true", "version":"1673730840307"}}
{"logTime": "0412/222158", "correlationVector":"XP/p3L8ZtR2Z73+UbNlILp.4","action":"GetUpdates", "result":"DeleteReceived", "context":{"id":"a859e47b-304b-4d5c-aacc-8560342937a8", "isDeleted:":"true", "version":"1673955507284"}}
{"logTime": "0412/222158", "correlationVector":"XP/p3L8ZtR2Z73+UbNlILp.5","action":"GetUpdates", "result":"DeleteReceived", "context":{"id":"3bb2c9c2-d716-452a-8846-e33d9ff8d26e", "isDeleted:":"true", "version":"1673955507286"}}
{"logTime": "0412/222158", "correlationVector":"XP/p3L8ZtR2Z73+UbNlILp.6","action":"GetUpdates", "result":"DeleteReceived", "context":{"id":"173547b2-8a3e-4c06-89a2-d5fa3cb05e9b", "isDeleted:":"true", "version":"1674559813476"}}
{"logTime": "0412/222158", "correlationVector":"XP/p3L8ZtR2Z73+UbNlILp.7","action":"GetUpdates", "result":"DeleteReceived", "context":{"id":"a0f89be6-ee00-4346-8271-f20e3afe5b89", "isDeleted:":"true", "version":"1674791548052"}}
{"logTime": "0412/222158", "correlationVector":"XP/p3L8ZtR2Z73+UbNlILp.8","action":"GetUpdates", "result":"DeleteReceived", "context":{"id":"2a5e5c2a-10d8-455b-a4db-6ea2e85442fe", "isDeleted:":"true", "version":"1675192163138"}}
{"logTime": "0412/222158", "correlationVector":"XP/p3L8ZtR2Z73+UbNlILp.9","action":"GetUpdates", "result":"DeleteReceived", "context":{"id":"4c3bbcb2-6bf7-4a98-b133-e056fe242b04", "isDeleted:":"true", "version":"1675192163140"}}
{"logTime": "0412/222158", "correlationVector":"XP/p3L8ZtR2Z73+UbNlILp.10","action":"GetUpdates", "result":"DeleteReceived", "context":{"id":"560add79-a61d-4709-bfea-fa38a332a060", "isDeleted:":"true", "version":"1675279143837"}}
{"logTime": "0412/222158", "correlationVector":"XP/p3L8ZtR2Z73+UbNlILp.11","action":"GetUpdates", "result":"DeleteReceived", "context":{"id":"e0899354-0922-48df-a6fc-352278c1b960", "isDeleted:":"true", "version":"1675281669117"}}
{"logTime": "0412/222158", "correlationVector":"XP/p3L8ZtR2Z73+UbNlILp.12","action":"GetUpdates", "result":"DeleteReceived", "context":{"id":"10a58a64-1f8c-4914-8b3b-38c04d37817e", "isDeleted:":"true", "version":"1675346262070"}}
{"logTime": "0412/222158", "correlationVector":"XP/p3L8ZtR2Z73+UbNlILp.13","action":"GetUpdates", "result":"DeleteReceived", "context":{"id":"f7cb5c67-0c2f-406a-a956-75112b884752", "isDeleted:":"true", "version":"1676501242360"}}
{"logTime": "0412/222158", "correlationVector":"XP/p3L8ZtR2Z73+UbNlILp.14","action":"GetUpdates", "result":"DeleteReceived", "context":{"id":"2f4e2eaf-168b-461b-981c-16c44d7a669f", "isDeleted:":"true", "version":"1676501242361"}}
{"logTime": "0412/222158", "correlationVector":"XP/p3L8ZtR2Z73+UbNlILp.15","action":"GetUpdates", "result":"DeleteReceived", "context":{"id":"95593334-82f2-4bce-8651-282e67c0d099", "isDeleted:":"true", "version":"1676811419366"}}
{"logTime": "0412/222158", "correlationVector":"XP/p3L8ZtR2Z73+UbNlILp.16","action":"GetUpdates", "result":"DeleteReceived", "context":{"id":"4ae2f260-f88e-4ee8-b5d8-26bcafb40e5a", "isDeleted:":"true", "version":"1677445534733"}}
{"logTime": "0412/222158", "correlationVector":"XP/p3L8ZtR2Z73+UbNlILp.17","action":"GetUpdates", "result":"DeleteReceived", "context":{"id":"19a621f9-6cab-44fa-b3c6-bf327863cc93", "isDeleted:":"true", "version":"1678633376080"}}
{"logTime": "0412/222158", "correlationVector":"XP/p3L8ZtR2Z73+UbNlILp.18","action":"GetUpdates", "result":"DeleteReceived", "context":{"id":"e7855df1-5d61-41d2-87c5-fcaece1a6a19", "isDeleted:":"true", "version":"1678785694944"}}
{"logTime": "0412/222158", "correlationVector":"XP/p3L8ZtR2Z73+UbNlILp.19","action":"GetUpdates", "result":"DeleteReceived", "context":{"id":"809303da-5151-4c0d-b55c-a9ac232b2552", "isDeleted:":"true", "version":"1680123546285"}}
{"logTime": "0412/222158", "correlationVector":"XP/p3L8ZtR2Z73+UbNlILp.20","action":"GetUpdates", "result":"DeleteReceived", "context":{"id":"43314871-3073-4384-a905-822827e9a7d0", "isDeleted:":"true", "version":"1680123546287"}}
{"logTime": "0412/222158", "correlationVector":"XP/p3L8ZtR2Z73+UbNlILp.21","action":"GetUpdates", "result":"DeleteReceived", "context":{"id":"53050150-dd2f-44cb-a457-14b2cfdfb2b4", "isDeleted:":"true", "version":"1680123546288"}}
{"logTime": "0412/222158", "correlationVector":"XP/p3L8ZtR2Z73+UbNlILp.22","action":"GetUpdates", "result":"DeleteReceived", "context":{"id":"41d12aef-fd95-4080-bfa0-6b5f439899ef", "isDeleted:":"true", "version":"1680123546289"}}
{"logTime": "0412/222158", "correlationVector":"XP/p3L8ZtR2Z73+UbNlILp.23","action":"GetUpdates", "result":"DeleteReceived", "context":{"id":"a54053a0-e43a-4fa9-b3a1-45b4fcfa3a88", "isDeleted:":"true", "version":"1680245653586"}}
{"logTime": "0412/222158", "correlationVector":"XP/p3L8ZtR2Z73+UbNlILp.24","action":"GetUpdates", "result":"DeleteReceived", "context":{"id":"123cc9f9-94c5-48ff-b269-c9799b15b6d6", "isDeleted:":"true", "version":"1680332085816"}}
{"logTime": "0412/222158", "correlationVector":"XP/p3L8ZtR2Z73+UbNlILp.25","action":"GetUpdates", "result":"DeleteReceived", "context":{"id":"064d0239-3cac-4fc9-8ab2-040401dd8da2", "isDeleted:":"true", "version":"1680332085818"}}
{"logTime": "0412/222158", "correlationVector":"XP/p3L8ZtR2Z73+UbNlILp.26","action":"GetUpdates", "result":"DeleteReceived", "context":{"id":"bcf8eaad-b434-4ab1-9dd4-1ed34a1270f2", "isDeleted:":"true", "version":"1681120538616"}}
{"logTime": "0412/222158", "correlationVector":"XP/p3L8ZtR2Z73+UbNlILp.27","action":"GetUpdates", "result":"DeleteReceived", "context":{"id":"97b23857-7005-473a-a054-5fedda076499", "isDeleted:":"true", "version":"1681290849915"}}
{"logTime": "0412/222158", "correlationVector":"XP/p3L8ZtR2Z73+UbNlILp.28","action":"GetUpdates", "result":"DeleteReceived", "context":{"id":"0a8f456d-b8b6-43c3-80b6-a48b465a9fa3", "isDeleted:":"true", "version":"1681295685310"}}
{"logTime": "0412/222158", "correlationVector":"XP/p3L8ZtR2Z73+UbNlILp.29","action":"GetUpdates", "result":"DeleteReceived", "context":{"id":"fa0188e1-992a-4389-a7c1-2f2539e823bc", "isDeleted:":"true", "version":"1681337698353"}}
{"logTime": "0412/222158", "correlationVector":"XP/p3L8ZtR2Z73+UbNlILp.30","action":"GetUpdates Response", "result":"SYNCER_OK", "context":Received 70 update(s). cV=XP/p3L8ZtR2Z73+UbNlILp.0;server=GENERAL0100000C;cloudType=Consumer;environment=Prod_WestEurope_000l;migrationStage=NotStarted}
{"logTime": "0412/222158", "correlationVector":"HprLUii2a2TG6mYzXBvUAo","action":"Normal GetUpdate request", "result":"", "context":cV=HprLUii2a2TG6mYzXBvUAo
Nudged types: Sessions, Device Info
Refresh requested types: Bookmarks, Preferences, Passwords, Autofill Profiles, Autofill, Autofill Custom Data, Typed URLs, Extensions, Sessions, Extension settings, History Delete Directives, Device Info, User Consents, Send Tab To Self, Web Apps, Collection, Edge E Drop, Encryption Keys}
{"logTime": "0412/222158", "correlationVector":"HprLUii2a2TG6mYzXBvUAo.1","action":"SyncServerConnectionManagerRequest", "result":"SYNC_SERVER_OK", "context":{"environment":"Prod_WestEurope_000l", "migrationStage":"NotStarted", "server":"GENERAL01000005"}}
{"logTime": "0412/222158", "correlationVector":"HprLUii2a2TG6mYzXBvUAo.2","action":"GetUpdates Response", "result":"SYNCER_OK", "context":Received 0 update(s). cV=HprLUii2a2TG6mYzXBvUAo.0;server=GENERAL01000005;cloudType=Consumer;environment=Prod_WestEurope_000l;migrationStage=NotStarted}
{"logTime": "0412/222158", "correlationVector":"PD/OaOP8gsJAFfJ91lhz5I","action":"Commit Request", "result":"", "context":Item count: 1
Contributing types: Device Info}
{"logTime": "0412/222158", "correlationVector":"PD/OaOP8gsJAFfJ91lhz5I.1","action":"SyncServerConnectionManagerRequest", "result":"SYNC_SERVER_OK", "context":{"environment":"Prod_WestEurope_000l", "migrationStage":"NotStarted", "server":"GENERAL01000027"}}
{"logTime": "0412/222158", "correlationVector":"PD/OaOP8gsJAFfJ91lhz5I.2","action":"Commit Response", "result":"SYNCER_OK", "context":Result: SYNCER_OK. cV=PD/OaOP8gsJAFfJ91lhz5I.0;server=GENERAL01000027;cloudType=Consumer;environment=Prod_WestEurope_000l;migrationStage=NotStarted}
{"logTime": "0412/222158", "correlationVector":"Ioe6hb+EC7J0qXyvbOhdER","action":"Commit Request", "result":"", "context":Item count: 2
Contributing types: Sessions}
{"logTime": "0412/222159", "correlationVector":"Ioe6hb+EC7J0qXyvbOhdER.1","action":"SyncServerConnectionManagerRequest", "result":"SYNC_SERVER_OK", "context":{"environment":"Prod_WestEurope_000l", "migrationStage":"NotStarted", "server":"GENERAL01000005"}}
{"logTime": "0412/222159", "correlationVector":"Ioe6hb+EC7J0qXyvbOhdER.2","action":"Commit Response", "result":"SYNCER_OK", "context":Result: SYNCER_OK. cV=Ioe6hb+EC7J0qXyvbOhdER.0;server=GENERAL01000005;cloudType=Consumer;environment=Prod_WestEurope_000l;migrationStage=NotStarted}
{"logTime": "0412/222303", "correlationVector":"IDS/7Eht4PBAa9rm/SXFvf","action":"Commit Request", "result":"", "context":Item count: 1
Contributing types: Sessions}
{"logTime": "0412/222303", "correlationVector":"IDS/7Eht4PBAa9rm/SXFvf.1","action":"SyncServerConnectionManagerRequest", "result":"SYNC_SERVER_OK", "context":{"environment":"Prod_WestEurope_000l", "migrationStage":"NotStarted", "server":"GENERAL0100000C"}}
{"logTime": "0412/222303", "correlationVector":"IDS/7Eht4PBAa9rm/SXFvf.2","action":"Commit Response", "result":"SYNCER_OK", "context":Result: SYNCER_OK. cV=IDS/7Eht4PBAa9rm/SXFvf.0;server=GENERAL0100000C;cloudType=Consumer;environment=Prod_WestEurope_000l;migrationStage=NotStarted}
{"logTime": "0412/222411", "correlationVector":"jG4tbLK6JOVnSDfvV410up","action":"Commit Request", "result":"", "context":Item count: 1
Contributing types: Sessions}
{"logTime": "0412/222411", "correlationVector":"jG4tbLK6JOVnSDfvV410up.1","action":"SyncServerConnectionManagerRequest", "result":"SYNC_SERVER_OK", "context":{"environment":"Prod_WestEurope_000l", "migrationStage":"NotStarted", "server":"GENERAL01000004"}}
{"logTime": "0412/222411", "correlationVector":"jG4tbLK6JOVnSDfvV410up.2","action":"Commit Response", "result":"SYNCER_OK", "context":Result: SYNCER_OK. cV=jG4tbLK6JOVnSDfvV410up.0;server=GENERAL01000004;cloudType=Consumer;environment=Prod_WestEurope_000l;migrationStage=NotStarted}
{"logTime": "0412/222558", "correlationVector":"Z6vj+fq4gR/NzKA3O6QRIg","action":"Commit Request", "result":"", "context":Item count: 1
Contributing types: Sessions}
{"logTime": "0412/222558", "correlationVector":"Z6vj+fq4gR/NzKA3O6QRIg.1","action":"SyncServerConnectionManagerRequest", "result":"SYNC_SERVER_OK", "context":{"environment":"Prod_WestEurope_000l", "migrationStage":"NotStarted", "server":"GENERAL0100001Z"}}
{"logTime": "0412/222558", "correlationVector":"Z6vj+fq4gR/NzKA3O6QRIg.2","action":"Commit Response", "result":"SYNCER_OK", "context":Result: SYNCER_OK. cV=Z6vj+fq4gR/NzKA3O6QRIg.0;server=GENERAL0100001Z;cloudType=Consumer;environment=Prod_WestEurope_000l;migrationStage=NotStarted}
{"logTime": "0412/222700", "correlationVector":"e4LJ78jEKWmCVc2g98g5jb","action":"Commit Request", "result":"", "context":Item count: 1
Contributing types: Sessions}
{"logTime": "0412/222700", "correlationVector":"e4LJ78jEKWmCVc2g98g5jb.1","action":"SyncServerConnectionManagerRequest", "result":"SYNC_SERVER_OK", "context":{"environment":"Prod_WestEurope_000l", "migrationStage":"NotStarted", "server":"GENERAL0100000G"}}
{"logTime": "0412/222700", "correlationVector":"e4LJ78jEKWmCVc2g98g5jb.2","action":"Commit Response", "result":"SYNCER_OK", "context":Result: SYNCER_OK. cV=e4LJ78jEKWmCVc2g98g5jb.0;server=GENERAL0100000G;cloudType=Consumer;environment=Prod_WestEurope_000l;migrationStage=NotStarted}
{"logTime": "0412/222750", "correlationVector":"fVeihN7aVOV3Ajk9flLhB+","action":"Commit Request", "result":"", "context":Item count: 1
Contributing types: Sessions}
{"logTime": "0412/222750", "correlationVector":"fVeihN7aVOV3Ajk9flLhB+.1","action":"SyncServerConnectionManagerRequest", "result":"SYNC_SERVER_OK", "context":{"environment":"Prod_WestEurope_000l", "migrationStage":"NotStarted", "server":"GENERAL0100000N"}}
{"logTime": "0412/222750", "correlationVector":"fVeihN7aVOV3Ajk9flLhB+.2","action":"Commit Response", "result":"SYNCER_OK", "context":Result: SYNCER_OK. cV=fVeihN7aVOV3Ajk9flLhB+.0;server=GENERAL0100000N;cloudType=Consumer;environment=Prod_WestEurope_000l;migrationStage=NotStarted}
{"logTime": "0412/222900", "correlationVector":"TtuuZI/+F4uvpMPFbFA1b6","action":"Commit Request", "result":"", "context":Item count: 1
Contributing types: Sessions}
{"logTime": "0412/222900", "correlationVector":"TtuuZI/+F4uvpMPFbFA1b6.1","action":"SyncServerConnectionManagerRequest", "result":"SYNC_SERVER_OK", "context":{"environment":"Prod_WestEurope_000l", "migrationStage":"NotStarted", "server":"GENERAL0100000G"}}
{"logTime": "0412/222900", "correlationVector":"TtuuZI/+F4uvpMPFbFA1b6.2","action":"Commit Response", "result":"SYNCER_OK", "context":Result: SYNCER_OK. cV=TtuuZI/+F4uvpMPFbFA1b6.0;server=GENERAL0100000G;cloudType=Consumer;environment=Prod_WestEurope_000l;migrationStage=NotStarted}
{"logTime": "0412/222958", "correlationVector":"/eoB9RDpDztK9KCbCZvPJy","action":"Commit Request", "result":"", "context":Item count: 1
Contributing types: Sessions}
{"logTime": "0412/222959", "correlationVector":"/eoB9RDpDztK9KCbCZvPJy.1","action":"SyncServerConnectionManagerRequest", "result":"SYNC_SERVER_OK", "context":{"environment":"Prod_WestEurope_000l", "migrationStage":"NotStarted", "server":"GENERAL01000027"}}
{"logTime": "0412/222959", "correlationVector":"/eoB9RDpDztK9KCbCZvPJy.2","action":"Commit Response", "result":"SYNCER_OK", "context":Result: SYNCER_OK. cV=/eoB9RDpDztK9KCbCZvPJy.0;server=GENERAL01000027;cloudType=Consumer;environment=Prod_WestEurope_000l;migrationStage=NotStarted}
{"logTime": "0412/223038", "correlationVector":"2A3JjFsmhpstwlUdQ1b+/e","action":"Commit Request", "result":"", "context":Item count: 1
Contributing types: Sessions}
{"logTime": "0412/223038", "correlationVector":"2A3JjFsmhpstwlUdQ1b+/e.1","action":"SyncServerConnectionManagerRequest", "result":"SYNC_SERVER_OK", "context":{"environment":"Prod_WestEurope_000l", "migrationStage":"NotStarted", "server":"GENERAL01000015"}}
{"logTime": "0412/223038", "correlationVector":"2A3JjFsmhpstwlUdQ1b+/e.2","action":"Commit Response", "result":"SYNCER_OK", "context":Result: SYNCER_OK. cV=2A3JjFsmhpstwlUdQ1b+/e.0;server=GENERAL01000015;cloudType=Consumer;environment=Prod_WestEurope_000l;migrationStage=NotStarted}
{"logTime": "0412/223139", "correlationVector":"/RDyCFawBhJDC8pwMxC1mq","action":"Commit Request", "result":"", "context":Item count: 1
Contributing types: Sessions}
{"logTime": "0412/223139", "correlationVector":"/RDyCFawBhJDC8pwMxC1mq.1","action":"SyncServerConnectionManagerRequest", "result":"SYNC_SERVER_OK", "context":{"environment":"Prod_WestEurope_000l", "migrationStage":"NotStarted", "server":"GENERAL0100000G"}}
{"logTime": "0412/223139", "correlationVector":"/RDyCFawBhJDC8pwMxC1mq.2","action":"Commit Response", "result":"SYNCER_OK", "context":Result: SYNCER_OK. cV=/RDyCFawBhJDC8pwMxC1mq.0;server=GENERAL0100000G;cloudType=Consumer;environment=Prod_WestEurope_000l;migrationStage=NotStarted}
{"logTime": "0412/223243", "correlationVector":"2nBeLX0/W5i33Pbn2CMap2","action":"Commit Request", "result":"", "context":Item count: 1
Contributing types: Sessions}
{"logTime": "0412/223243", "correlationVector":"2nBeLX0/W5i33Pbn2CMap2.1","action":"SyncServerConnectionManagerRequest", "result":"SYNC_SERVER_OK", "context":{"environment":"Prod_WestEurope_000l", "migrationStage":"NotStarted", "server":"GENERAL0100001Y"}}
{"logTime": "0412/223243", "correlationVector":"2nBeLX0/W5i33Pbn2CMap2.2","action":"Commit Response", "result":"SYNCER_OK", "context":Result: SYNCER_OK. cV=2nBeLX0/W5i33Pbn2CMap2.0;server=GENERAL0100001Y;cloudType=Consumer;environment=Prod_WestEurope_000l;migrationStage=NotStarted}
{"logTime": "0412/223349", "correlationVector":"z4sZrJVYrAVKQvVZjtmDgz","action":"Commit Request", "result":"", "context":Item count: 1
Contributing types: Sessions}
{"logTime": "0412/223349", "correlationVector":"z4sZrJVYrAVKQvVZjtmDgz.1","action":"SyncServerConnectionManagerRequest", "result":"SYNC_SERVER_OK", "context":{"environment":"Prod_WestEurope_000l", "migrationStage":"NotStarted", "server":"GENERAL0100000M"}}
{"logTime": "0412/223349", "correlationVector":"z4sZrJVYrAVKQvVZjtmDgz.2","action":"Commit Response", "result":"SYNCER_OK", "context":Result: SYNCER_OK. cV=z4sZrJVYrAVKQvVZjtmDgz.0;server=GENERAL0100000M;cloudType=Consumer;environment=Prod_WestEurope_000l;migrationStage=NotStarted}
